app/build/intermediates/manifest_merge_blame_file/debug/processDebugMainManifest/manifest-merger-blame-debug-report.txt
1<?xml version="1.0" encoding="utf-8"?>
2<manifest xmlns:android="http://schemas.android.com/apk/res/android"
3    package="ru.pro.beatrate"
4    android:versionCode="1"
5    android:versionName="1.0" >
6
7    <uses-sdk
8        android:minSdkVersion="35"
9        android:targetSdkVersion="35" />
10
11    <uses-permission android:name="android.permission.WAKE_LOCK" />
11-->[androidx.work:work-runtime:2.10.0] AndroidManifest.xml:23:5-68
11-->[androidx.work:work-runtime:2.10.0] AndroidManifest.xml:23:22-65
12    <uses-permission android:name="android.permission.ACCESS_NETWORK_STATE" />
12-->[androidx.work:work-runtime:2.10.0] AndroidManifest.xml:24:5-79
12-->[androidx.work:work-runtime:2.10.0] AndroidManifest.xml:24:22-76
13    <uses-permission android:name="android.permission.RECEIVE_BOOT_COMPLETED" />
13-->[androidx.work:work-runtime:2.10.0] AndroidManifest.xml:25:5-81
13-->[androidx.work:work-runtime:2.10.0] AndroidManifest.xml:25:22-78
14    <uses-permission android:name="android.permission.FOREGROUND_SERVICE" />
14-->[androidx.work:work-runtime:2.10.0] AndroidManifest.xml:26:5-77
14-->[androidx.work:work-runtime:2.10.0] AndroidManifest.xml:26:22-74
15    <uses-permission android:name="android.permission.REORDER_TASKS" />
15-->[androidx.test:core:1.6.1] AndroidManifest.xml:24:5-72
15-->[androidx.test:core:1.6.1] AndroidManifest.xml:24:22-69
16
17    <permission
17-->[androidx.core:core:1.15.0] AndroidManifest.xml:22:5-24:47
18        android:name="ru.pro.beatrate.DYNAMIC_RECEIVER_NOT_EXPORTED_PERMISSION"
18-->[androidx.core:core:1.15.0] AndroidManifest.xml:23:9-81
19        android:protectionLevel="signature" />
19-->[androidx.core:core:1.15.0] AndroidManifest.xml:24:9-44
20
21    <uses-permission android:name="ru.pro.beatrate.DYNAMIC_RECEIVER_NOT_EXPORTED_PERMISSION" />
21-->[androidx.core:core:1.15.0] AndroidManifest.xml:26:5-97
21-->[androidx.core:core:1.15.0] AndroidManifest.xml:26:22-94
22
23    <queries>
23-->[androidx.test:runner:1.6.1] AndroidManifest.xml:24:5-28:15
24        <package android:name="androidx.test.orchestrator" />
24-->[androidx.test:runner:1.6.1] AndroidManifest.xml:25:9-62
24-->[androidx.test:runner:1.6.1] AndroidManifest.xml:25:18-59
25        <package android:name="androidx.test.services" />
25-->[androidx.test:runner:1.6.1] AndroidManifest.xml:26:9-58
25-->[androidx.test:runner:1.6.1] AndroidManifest.xml:26:18-55
26        <package android:name="com.google.android.apps.common.testing.services" />
26-->[androidx.test:runner:1.6.1] AndroidManifest.xml:27:9-83
26-->[androidx.test:runner:1.6.1] AndroidManifest.xml:27:18-80
27    </queries>
28
29    <application
29-->src/main/AndroidManifest.xml:5:5-26:19
30        android:allowBackup="true"
30-->src/main/AndroidManifest.xml:6:9-35
31        android:appComponentFactory="androidx.core.app.CoreComponentFactory"
31-->[androidx.core:core:1.15.0] AndroidManifest.xml:28:18-86
32        android:dataExtractionRules="@xml/data_extraction_rules"
32-->src/main/AndroidManifest.xml:7:9-65
33        android:debuggable="true"
34        android:extractNativeLibs="false"
35        android:fullBackupContent="@xml/backup_rules"
35-->src/main/AndroidManifest.xml:8:9-54
36        android:icon="@mipmap/ic_launcher"
36-->src/main/AndroidManifest.xml:9:9-43
37        android:label="@string/app_name"
37-->src/main/AndroidManifest.xml:10:9-41
38        android:roundIcon="@mipmap/ic_launcher_round"
38-->src/main/AndroidManifest.xml:11:9-54
39        android:supportsRtl="true"
39-->src/main/AndroidManifest.xml:12:9-35
40        android:testOnly="true"
41        android:theme="@style/Theme.BeatRateRecAppointmentApp" >
41-->src/main/AndroidManifest.xml:13:9-63
42        <activity
42-->src/main/AndroidManifest.xml:15:9-25:20
43            android:name="ru.pro.beatrate.ui.Activity.MainActivity"
43-->src/main/AndroidManifest.xml:16:13-53
44            android:exported="true"
44-->src/main/AndroidManifest.xml:17:13-36
45            android:label="@string/app_name"
45-->src/main/AndroidManifest.xml:18:13-45
46            android:theme="@style/Theme.BeatRateRecAppointmentApp" >
46-->src/main/AndroidManifest.xml:19:13-67
47            <intent-filter>
47-->src/main/AndroidManifest.xml:20:13-24:29
48                <action android:name="android.intent.action.MAIN" />
48-->src/main/AndroidManifest.xml:21:17-69
48-->src/main/AndroidManifest.xml:21:25-66
49
50                <category android:name="android.intent.category.LAUNCHER" />
50-->src/main/AndroidManifest.xml:23:17-77
50-->src/main/AndroidManifest.xml:23:27-74
51            </intent-filter>
52        </activity>
53
54        <provider
54-->[androidx.work:work-runtime:2.10.0] AndroidManifest.xml:29:9-37:20
55            android:name="androidx.startup.InitializationProvider"
55-->[androidx.work:work-runtime:2.10.0] AndroidManifest.xml:30:13-67
56            android:authorities="ru.pro.beatrate.androidx-startup"
56-->[androidx.work:work-runtime:2.10.0] AndroidManifest.xml:31:13-68
57            android:exported="false" >
57-->[androidx.work:work-runtime:2.10.0] AndroidManifest.xml:32:13-37
58            <meta-data
58-->[androidx.work:work-runtime:2.10.0] AndroidManifest.xml:34:13-36:52
59                android:name="androidx.work.WorkManagerInitializer"
59-->[androidx.work:work-runtime:2.10.0] AndroidManifest.xml:35:17-68
60                android:value="androidx.startup" />
60-->[androidx.work:work-runtime:2.10.0] AndroidManifest.xml:36:17-49
61            <meta-data
61-->[androidx.emoji2:emoji2:1.4.0] AndroidManifest.xml:29:13-31:52
62                android:name="androidx.emoji2.text.EmojiCompatInitializer"
62-->[androidx.emoji2:emoji2:1.4.0] AndroidManifest.xml:30:17-75
63                android:value="androidx.startup" />
63-->[androidx.emoji2:emoji2:1.4.0] AndroidManifest.xml:31:17-49
64            <meta-data
64-->[androidx.lifecycle:lifecycle-process:2.9.0-alpha13] AndroidManifest.xml:29:13-31:52
65                android:name="androidx.lifecycle.ProcessLifecycleInitializer"
65-->[androidx.lifecycle:lifecycle-process:2.9.0-alpha13] AndroidManifest.xml:30:17-78
66                android:value="androidx.startup" />
66-->[androidx.lifecycle:lifecycle-process:2.9.0-alpha13] AndroidManifest.xml:31:17-49
67            <meta-data
67-->[androidx.profileinstaller:profileinstaller:1.4.0] AndroidManifest.xml:29:13-31:52
68                android:name="androidx.profileinstaller.ProfileInstallerInitializer"
68-->[androidx.profileinstaller:profileinstaller:1.4.0] AndroidManifest.xml:30:17-85
69                android:value="androidx.startup" />
69-->[androidx.profileinstaller:profileinstaller:1.4.0] AndroidManifest.xml:31:17-49
70        </provider>
71
72        <service
72-->[androidx.work:work-runtime:2.10.0] AndroidManifest.xml:39:9-45:35
73            android:name="androidx.work.impl.background.systemalarm.SystemAlarmService"
73-->[androidx.work:work-runtime:2.10.0] AndroidManifest.xml:40:13-88
74            android:directBootAware="false"
74-->[androidx.work:work-runtime:2.10.0] AndroidManifest.xml:41:13-44
75            android:enabled="@bool/enable_system_alarm_service_default"
75-->[androidx.work:work-runtime:2.10.0] AndroidManifest.xml:42:13-72
76            android:exported="false" />
76-->[androidx.work:work-runtime:2.10.0] AndroidManifest.xml:43:13-37
77        <service
77-->[androidx.work:work-runtime:2.10.0] AndroidManifest.xml:46:9-52:35
78            android:name="androidx.work.impl.background.systemjob.SystemJobService"
78-->[androidx.work:work-runtime:2.10.0] AndroidManifest.xml:47:13-84
79            android:directBootAware="false"
79-->[androidx.work:work-runtime:2.10.0] AndroidManifest.xml:48:13-44
80            android:enabled="@bool/enable_system_job_service_default"
80-->[androidx.work:work-runtime:2.10.0] AndroidManifest.xml:49:13-70
81            android:exported="true"
81-->[androidx.work:work-runtime:2.10.0] AndroidManifest.xml:50:13-36
82            android:permission="android.permission.BIND_JOB_SERVICE" />
82-->[androidx.work:work-runtime:2.10.0] AndroidManifest.xml:51:13-69
83        <service
83-->[androidx.work:work-runtime:2.10.0] AndroidManifest.xml:53:9-59:35
84            android:name="androidx.work.impl.foreground.SystemForegroundService"
84-->[androidx.work:work-runtime:2.10.0] AndroidManifest.xml:54:13-81
85            android:directBootAware="false"
85-->[androidx.work:work-runtime:2.10.0] AndroidManifest.xml:55:13-44
86            android:enabled="@bool/enable_system_foreground_service_default"
86-->[androidx.work:work-runtime:2.10.0] AndroidManifest.xml:56:13-77
87            android:exported="false" />
87-->[androidx.work:work-runtime:2.10.0] AndroidManifest.xml:57:13-37
88
89        <receiver
89-->[androidx.work:work-runtime:2.10.0] AndroidManifest.xml:61:9-66:35
90            android:name="androidx.work.impl.utils.ForceStopRunnable$BroadcastReceiver"
90-->[androidx.work:work-runtime:2.10.0] AndroidManifest.xml:62:13-88
91            android:directBootAware="false"
91-->[androidx.work:work-runtime:2.10.0] AndroidManifest.xml:63:13-44
92            android:enabled="true"
92-->[androidx.work:work-runtime:2.10.0] AndroidManifest.xml:64:13-35
93            android:exported="false" />
93-->[androidx.work:work-runtime:2.10.0] AndroidManifest.xml:65:13-37
94        <receiver
94-->[androidx.work:work-runtime:2.10.0] AndroidManifest.xml:67:9-77:20
95            android:name="androidx.work.impl.background.systemalarm.ConstraintProxy$BatteryChargingProxy"
95-->[androidx.work:work-runtime:2.10.0] AndroidManifest.xml:68:13-106
96            android:directBootAware="false"
96-->[androidx.work:work-runtime:2.10.0] AndroidManifest.xml:69:13-44
97            android:enabled="false"
97-->[androidx.work:work-runtime:2.10.0] AndroidManifest.xml:70:13-36
98            android:exported="false" >
98-->[androidx.work:work-runtime:2.10.0] AndroidManifest.xml:71:13-37
99            <intent-filter>
99-->[androidx.work:work-runtime:2.10.0] AndroidManifest.xml:73:13-76:29
100                <action android:name="android.intent.action.ACTION_POWER_CONNECTED" />
100-->[androidx.work:work-runtime:2.10.0] AndroidManifest.xml:74:17-87
100-->[androidx.work:work-runtime:2.10.0] AndroidManifest.xml:74:25-84
101                <action android:name="android.intent.action.ACTION_POWER_DISCONNECTED" />
101-->[androidx.work:work-runtime:2.10.0] AndroidManifest.xml:75:17-90
101-->[androidx.work:work-runtime:2.10.0] AndroidManifest.xml:75:25-87
102            </intent-filter>
103        </receiver>
104        <receiver
104-->[androidx.work:work-runtime:2.10.0] AndroidManifest.xml:78:9-88:20
105            android:name="androidx.work.impl.background.systemalarm.ConstraintProxy$BatteryNotLowProxy"
105-->[androidx.work:work-runtime:2.10.0] AndroidManifest.xml:79:13-104
106            android:directBootAware="false"
106-->[androidx.work:work-runtime:2.10.0] AndroidManifest.xml:80:13-44
107            android:enabled="false"
107-->[androidx.work:work-runtime:2.10.0] AndroidManifest.xml:81:13-36
108            android:exported="false" >
108-->[androidx.work:work-runtime:2.10.0] AndroidManifest.xml:82:13-37
109            <intent-filter>
109-->[androidx.work:work-runtime:2.10.0] AndroidManifest.xml:84:13-87:29
110                <action android:name="android.intent.action.BATTERY_OKAY" />
110-->[androidx.work:work-runtime:2.10.0] AndroidManifest.xml:85:17-77
110-->[androidx.work:work-runtime:2.10.0] AndroidManifest.xml:85:25-74
111                <action android:name="android.intent.action.BATTERY_LOW" />
111-->[androidx.work:work-runtime:2.10.0] AndroidManifest.xml:86:17-76
111-->[androidx.work:work-runtime:2.10.0] AndroidManifest.xml:86:25-73
112            </intent-filter>
113        </receiver>
114        <receiver
114-->[androidx.work:work-runtime:2.10.0] AndroidManifest.xml:89:9-99:20
115            android:name="androidx.work.impl.background.systemalarm.ConstraintProxy$StorageNotLowProxy"
115-->[androidx.work:work-runtime:2.10.0] AndroidManifest.xml:90:13-104
116            android:directBootAware="false"
116-->[androidx.work:work-runtime:2.10.0] AndroidManifest.xml:91:13-44
117            android:enabled="false"
117-->[androidx.work:work-runtime:2.10.0] AndroidManifest.xml:92:13-36
118            android:exported="false" >
118-->[androidx.work:work-runtime:2.10.0] AndroidManifest.xml:93:13-37
119            <intent-filter>
119-->[androidx.work:work-runtime:2.10.0] AndroidManifest.xml:95:13-98:29
120                <action android:name="android.intent.action.DEVICE_STORAGE_LOW" />
120-->[androidx.work:work-runtime:2.10.0] AndroidManifest.xml:96:17-83
120-->[androidx.work:work-runtime:2.10.0] AndroidManifest.xml:96:25-80
121                <action android:name="android.intent.action.DEVICE_STORAGE_OK" />
121-->[androidx.work:work-runtime:2.10.0] AndroidManifest.xml:97:17-82
121-->[androidx.work:work-runtime:2.10.0] AndroidManifest.xml:97:25-79
122            </intent-filter>
123        </receiver>
124        <receiver
124-->[androidx.work:work-runtime:2.10.0] AndroidManifest.xml:100:9-109:20
125            android:name="androidx.work.impl.background.systemalarm.ConstraintProxy$NetworkStateProxy"
125-->[androidx.work:work-runtime:2.10.0] AndroidManifest.xml:101:13-103
126            android:directBootAware="false"
126-->[androidx.work:work-runtime:2.10.0] AndroidManifest.xml:102:13-44
127            android:enabled="false"
127-->[androidx.work:work-runtime:2.10.0] AndroidManifest.xml:103:13-36
128            android:exported="false" >
128-->[androidx.work:work-runtime:2.10.0] AndroidManifest.xml:104:13-37
129            <intent-filter>
129-->[androidx.work:work-runtime:2.10.0] AndroidManifest.xml:106:13-108:29
130                <action android:name="android.net.conn.CONNECTIVITY_CHANGE" />
130-->[androidx.work:work-runtime:2.10.0] AndroidManifest.xml:107:17-79
130-->[androidx.work:work-runtime:2.10.0] AndroidManifest.xml:107:25-76
131            </intent-filter>
132        </receiver>
133        <receiver
133-->[androidx.work:work-runtime:2.10.0] AndroidManifest.xml:110:9-121:20
134            android:name="androidx.work.impl.background.systemalarm.RescheduleReceiver"
134-->[androidx.work:work-runtime:2.10.0] AndroidManifest.xml:111:13-88
135            android:directBootAware="false"
135-->[androidx.work:work-runtime:2.10.0] AndroidManifest.xml:112:13-44
136            android:enabled="false"
136-->[androidx.work:work-runtime:2.10.0] AndroidManifest.xml:113:13-36
137            android:exported="false" >
137-->[androidx.work:work-runtime:2.10.0] AndroidManifest.xml:114:13-37
138            <intent-filter>
138-->[androidx.work:work-runtime:2.10.0] AndroidManifest.xml:116:13-120:29
139                <action android:name="android.intent.action.BOOT_COMPLETED" />
139-->[androidx.work:work-runtime:2.10.0] AndroidManifest.xml:117:17-79
139-->[androidx.work:work-runtime:2.10.0] AndroidManifest.xml:117:25-76
140                <action android:name="android.intent.action.TIME_SET" />
140-->[androidx.work:work-runtime:2.10.0] AndroidManifest.xml:118:17-73
140-->[androidx.work:work-runtime:2.10.0] AndroidManifest.xml:118:25-70
141                <action android:name="android.intent.action.TIMEZONE_CHANGED" />
141-->[androidx.work:work-runtime:2.10.0] AndroidManifest.xml:119:17-81
141-->[androidx.work:work-runtime:2.10.0] AndroidManifest.xml:119:25-78
142            </intent-filter>
143        </receiver>
144        <receiver
144-->[androidx.work:work-runtime:2.10.0] AndroidManifest.xml:122:9-131:20
145            android:name="androidx.work.impl.background.systemalarm.ConstraintProxyUpdateReceiver"
145-->[androidx.work:work-runtime:2.10.0] AndroidManifest.xml:123:13-99
146            android:directBootAware="false"
146-->[androidx.work:work-runtime:2.10.0] AndroidManifest.xml:124:13-44
147            android:enabled="@bool/enable_system_alarm_service_default"
147-->[androidx.work:work-runtime:2.10.0] AndroidManifest.xml:125:13-72
148            android:exported="false" >
148-->[androidx.work:work-runtime:2.10.0] AndroidManifest.xml:126:13-37
149            <intent-filter>
149-->[androidx.work:work-runtime:2.10.0] AndroidManifest.xml:128:13-130:29
150                <action android:name="androidx.work.impl.background.systemalarm.UpdateProxies" />
150-->[androidx.work:work-runtime:2.10.0] AndroidManifest.xml:129:17-98
150-->[androidx.work:work-runtime:2.10.0] AndroidManifest.xml:129:25-95
151            </intent-filter>
152        </receiver>
153        <receiver
153-->[androidx.work:work-runtime:2.10.0] AndroidManifest.xml:132:9-142:20
154            android:name="androidx.work.impl.diagnostics.DiagnosticsReceiver"
154-->[androidx.work:work-runtime:2.10.0] AndroidManifest.xml:133:13-78
155            android:directBootAware="false"
155-->[androidx.work:work-runtime:2.10.0] AndroidManifest.xml:134:13-44
156            android:enabled="true"
156-->[androidx.work:work-runtime:2.10.0] AndroidManifest.xml:135:13-35
157            android:exported="true"
157-->[androidx.work:work-runtime:2.10.0] AndroidManifest.xml:136:13-36
158            android:permission="android.permission.DUMP" >
158-->[androidx.work:work-runtime:2.10.0] AndroidManifest.xml:137:13-57
159            <intent-filter>
159-->[androidx.work:work-runtime:2.10.0] AndroidManifest.xml:139:13-141:29
160                <action android:name="androidx.work.diagnostics.REQUEST_DIAGNOSTICS" />
160-->[androidx.work:work-runtime:2.10.0] AndroidManifest.xml:140:17-88
160-->[androidx.work:work-runtime:2.10.0] AndroidManifest.xml:140:25-85
161            </intent-filter>
162        </receiver>
163
164        <activity
164-->[androidx.compose.ui:ui-test-manifest:1.8.0] AndroidManifest.xml:23:9-26:79
165            android:name="androidx.activity.ComponentActivity"
165-->[androidx.compose.ui:ui-test-manifest:1.8.0] AndroidManifest.xml:24:13-63
166            android:exported="true"
166-->[androidx.compose.ui:ui-test-manifest:1.8.0] AndroidManifest.xml:25:13-36
167            android:theme="@android:style/Theme.Material.Light.NoActionBar" />
167-->[androidx.compose.ui:ui-test-manifest:1.8.0] AndroidManifest.xml:26:13-76
168        <activity
168-->[androidx.test:core:1.6.1] AndroidManifest.xml:27:9-34:20
169            android:name="androidx.test.core.app.InstrumentationActivityInvoker$BootstrapActivity"
169-->[androidx.test:core:1.6.1] AndroidManifest.xml:28:13-99
170            android:exported="true"
170-->[androidx.test:core:1.6.1] AndroidManifest.xml:29:13-36
171            android:theme="@style/WhiteBackgroundTheme" >
171-->[androidx.test:core:1.6.1] AndroidManifest.xml:30:13-56
172            <intent-filter android:priority="-100" >
172-->[androidx.test:core:1.6.1] AndroidManifest.xml:31:13-33:29
172-->[androidx.test:core:1.6.1] AndroidManifest.xml:31:28-51
173                <category android:name="android.intent.category.LAUNCHER" />
173-->src/main/AndroidManifest.xml:23:17-77
173-->src/main/AndroidManifest.xml:23:27-74
174            </intent-filter>
175        </activity>
176        <activity
176-->[androidx.test:core:1.6.1] AndroidManifest.xml:35:9-42:20
177            android:name="androidx.test.core.app.InstrumentationActivityInvoker$EmptyActivity"
177-->[androidx.test:core:1.6.1] AndroidManifest.xml:36:13-95
178            android:exported="true"
178-->[androidx.test:core:1.6.1] AndroidManifest.xml:37:13-36
179            android:theme="@style/WhiteBackgroundTheme" >
179-->[androidx.test:core:1.6.1] AndroidManifest.xml:38:13-56
180            <intent-filter android:priority="-100" >
180-->[androidx.test:core:1.6.1] AndroidManifest.xml:31:13-33:29
180-->[androidx.test:core:1.6.1] AndroidManifest.xml:31:28-51
181                <category android:name="android.intent.category.LAUNCHER" />
181-->src/main/AndroidManifest.xml:23:17-77
181-->src/main/AndroidManifest.xml:23:27-74
182            </intent-filter>
183        </activity>
184        <activity
184-->[androidx.test:core:1.6.1] AndroidManifest.xml:43:9-50:20
185            android:name="androidx.test.core.app.InstrumentationActivityInvoker$EmptyFloatingActivity"
185-->[androidx.test:core:1.6.1] AndroidManifest.xml:44:13-103
186            android:exported="true"
186-->[androidx.test:core:1.6.1] AndroidManifest.xml:45:13-36
187            android:theme="@style/WhiteBackgroundDialogTheme" >
187-->[androidx.test:core:1.6.1] AndroidManifest.xml:46:13-62
188            <intent-filter android:priority="-100" >
188-->[androidx.test:core:1.6.1] AndroidManifest.xml:31:13-33:29
188-->[androidx.test:core:1.6.1] AndroidManifest.xml:31:28-51
189                <category android:name="android.intent.category.LAUNCHER" />
189-->src/main/AndroidManifest.xml:23:17-77
189-->src/main/AndroidManifest.xml:23:27-74
190            </intent-filter>
191        </activity>
192        <activity
192-->[androidx.compose.ui:ui-tooling-android:1.8.0] AndroidManifest.xml:23:9-25:39
193            android:name="androidx.compose.ui.tooling.PreviewActivity"
193-->[androidx.compose.ui:ui-tooling-android:1.8.0] AndroidManifest.xml:24:13-71
194            android:exported="true" />
194-->[androidx.compose.ui:ui-tooling-android:1.8.0] AndroidManifest.xml:25:13-36
195
196        <service
196-->[androidx.room:room-runtime:2.6.1] AndroidManifest.xml:24:9-28:63
197            android:name="androidx.room.MultiInstanceInvalidationService"
197-->[androidx.room:room-runtime:2.6.1] AndroidManifest.xml:25:13-74
198            android:directBootAware="true"
198-->[androidx.room:room-runtime:2.6.1] AndroidManifest.xml:26:13-43
199            android:exported="false" />
199-->[androidx.room:room-runtime:2.6.1] AndroidManifest.xml:27:13-37
200
201        <receiver
201-->[androidx.profileinstaller:profileinstaller:1.4.0] AndroidManifest.xml:34:9-52:20
202            android:name="androidx.profileinstaller.ProfileInstallReceiver"
202-->[androidx.profileinstaller:profileinstaller:1.4.0] AndroidManifest.xml:35:13-76
203            android:directBootAware="false"
203-->[androidx.profileinstaller:profileinstaller:1.4.0] AndroidManifest.xml:36:13-44
204            android:enabled="true"
204-->[androidx.profileinstaller:profileinstaller:1.4.0] AndroidManifest.xml:37:13-35
205            android:exported="true"
205-->[androidx.profileinstaller:profileinstaller:1.4.0] AndroidManifest.xml:38:13-36
206            android:permission="android.permission.DUMP" >
206-->[androidx.profileinstaller:profileinstaller:1.4.0] AndroidManifest.xml:39:13-57
207            <intent-filter>
207-->[androidx.profileinstaller:profileinstaller:1.4.0] AndroidManifest.xml:40:13-42:29
208                <action android:name="androidx.profileinstaller.action.INSTALL_PROFILE" />
208-->[androidx.profileinstaller:profileinstaller:1.4.0] AndroidManifest.xml:41:17-91
208-->[androidx.profileinstaller:profileinstaller:1.4.0] AndroidManifest.xml:41:25-88
209            </intent-filter>
210            <intent-filter>
210-->[androidx.profileinstaller:profileinstaller:1.4.0] AndroidManifest.xml:43:13-45:29
211                <action android:name="androidx.profileinstaller.action.SKIP_FILE" />
211-->[androidx.profileinstaller:profileinstaller:1.4.0] AndroidManifest.xml:44:17-85
211-->[androidx.profileinstaller:profileinstaller:1.4.0] AndroidManifest.xml:44:25-82
212            </intent-filter>
213            <intent-filter>
213-->[androidx.profileinstaller:profileinstaller:1.4.0] AndroidManifest.xml:46:13-48:29
214                <action android:name="androidx.profileinstaller.action.SAVE_PROFILE" />
214-->[androidx.profileinstaller:profileinstaller:1.4.0] AndroidManifest.xml:47:17-88
214-->[androidx.profileinstaller:profileinstaller:1.4.0] AndroidManifest.xml:47:25-85
215            </intent-filter>
216            <intent-filter>
216-->[androidx.profileinstaller:profileinstaller:1.4.0] AndroidManifest.xml:49:13-51:29
217                <action android:name="androidx.profileinstaller.action.BENCHMARK_OPERATION" />
217-->[androidx.profileinstaller:profileinstaller:1.4.0] AndroidManifest.xml:50:17-95
217-->[androidx.profileinstaller:profileinstaller:1.4.0] AndroidManifest.xml:50:25-92
218            </intent-filter>
219        </receiver>
220    </application>
221
222</manifest>